FILE_TYPE=LIBRARY_PARTS;
PRIMITIVE 'PS2565_1Y_V_A','PS2565_1Y_V_A_Dual-In-Line Packages';
  PIN
    'ANODE__CATHODE':
      PIN_NUMBER='(1)';
      NO_LOAD_CHECK=BOTH;
      NO_IO_CHECK=BOTH;
      ALLOW_CONNECT=TRUE;
      PINUSE='UNSPEC';
    'CATHODE__ANODE':
      PIN_NUMBER='(2)';
      NO_LOAD_CHECK=BOTH;
      NO_IO_CHECK=BOTH;
      ALLOW_CONNECT=TRUE;
      PINUSE='UNSPEC';
    'COLLECTOR':
      PIN_NUMBER='(4)';
      NO_LOAD_CHECK=BOTH;
      NO_IO_CHECK=BOTH;
      ALLOW_CONNECT=TRUE;
      PINUSE='UNSPEC';
    'EMITTER':
      PIN_NUMBER='(3)';
      NO_LOAD_CHECK=BOTH;
      NO_IO_CHECK=BOTH;
      ALLOW_CONNECT=TRUE;
      PINUSE='UNSPEC';
  END_PIN;
  BODY
    PART_NAME='PS2565_1Y_V_A';
    PHYS_DES_PREFIX='IC';
    NO_LOAD_CHECK='TRUE';
    PIN_COUNT='4';
    BODY_NAME='PS2565_1Y_V_A';
    JEDEC_TYPE='DIP762W60P254L460H455Q4N';
  END_BODY;
END_PRIMITIVE;
END.
